Using pre-set license
Built from '2020.3/release' branch; Version is '2020.3.27f1 (e759542391ea) revision 15161684'; Using compiler version '192528614'; Build Type 'Release'
OS: 'Windows 11  (10.0.22000) 64bit Core' Language: 'no' Physical Memory: 16221 MB
BatchMode: 1, IsHumanControllingUs: 0, StartBugReporterOnCrash: 0, Is64bit: 1, IsPro: 0

COMMAND LINE ARGUMENTS:
G:\Unity\2020.3.27f1\Editor\Unity.exe
-adb2
-batchMode
-noUpm
-name
AssetImportWorker0
-projectPath
G:/GitKraken/BorderBuddies
-logFile
Logs/AssetImportWorker0.log
-srvPort
51814
Successfully changed project path to: G:/GitKraken/BorderBuddies
G:/GitKraken/BorderBuddies
Using Asset Import Pipeline V2.
Refreshing native plugins compatible for Editor in 28.75 ms, found 2 plugins.
Preloading 0 native plugins for Editor in 0.00 ms.
Initialize engine version: 2020.3.27f1 (e759542391ea)
[Subsystems] Discovering subsystems at path G:/Unity/2020.3.27f1/Editor/Data/Resources/UnitySubsystems
[Subsystems] Discovering subsystems at path G:/GitKraken/BorderBuddies/Assets
GfxDevice: creating device client; threaded=0
Direct3D:
    Version:  Direct3D 11.0 [level 11.0]
    Renderer: NVIDIA GeForce GTX 780 (ID=0x1004)
    Vendor:   
    VRAM:     3029 MB
    Driver:   30.0.14.7212
Initialize mono
Mono path[0] = 'G:/Unity/2020.3.27f1/Editor/Data/Managed'
Mono path[1] = 'G:/Unity/2020.3.27f1/Editor/Data/MonoBleedingEdge/lib/mono/unityjit'
Mono config path = 'G:/Unity/2020.3.27f1/Editor/Data/MonoBleedingEdge/etc'
Using monoOptions --debugger-agent=transport=dt_socket,embedding=1,server=y,suspend=n,address=127.0.0.1:56260
Begin MonoManager ReloadAssembly
Registering precompiled unity dll's ...
Register platform support module: G:/Unity/2020.3.27f1/Editor/Data/PlaybackEngines/WindowsStandaloneSupport/UnityEditor.WindowsStandalone.Extensions.dll
Registered in 0.000583 seconds.
Native extension for WindowsStandalone target not found
Refreshing native plugins compatible for Editor in 22.54 ms, found 2 plugins.
Preloading 0 native plugins for Editor in 0.00 ms.
Mono: successfully reloaded assembly
- Completed reload, in  0.362 seconds
Domain Reload Profiling:
	ReloadAssembly (362ms)
		BeginReloadAssembly (44ms)
			ExecutionOrderSort (0ms)
			DisableScriptedObjects (0ms)
			BackupInstance (0ms)
			ReleaseScriptingObjects (0ms)
			CreateAndSetChildDomain (0ms)
		EndReloadAssembly (278ms)
			LoadAssemblies (43ms)
			RebuildTransferFunctionScriptingTraits (0ms)
			SetupTypeCache (88ms)
			ReleaseScriptCaches (0ms)
			RebuildScriptCaches (18ms)
			SetupLoadedEditorAssemblies (109ms)
				LogAssemblyErrors (0ms)
				InitializePlatformSupportModulesInManaged (3ms)
				SetLoadedEditorAssemblies (0ms)
				RefreshPlugins (23ms)
				BeforeProcessingInitializeOnLoad (11ms)
				ProcessInitializeOnLoadAttributes (54ms)
				ProcessInitializeOnLoadMethodAttributes (18ms)
				AfterProcessingInitializeOnLoad (0ms)
				EditorAssembliesLoaded (0ms)
			ExecutionOrderSort2 (0ms)
			AwakeInstancesAfterBackupRestoration (0ms)
Platform modules already initialized, skipping
Registering precompiled user dll's ...
Registered in 0.002158 seconds.
Begin MonoManager ReloadAssembly
Native extension for WindowsStandalone target not found
Refreshing native plugins compatible for Editor in 0.30 ms, found 2 plugins.
Preloading 0 native plugins for Editor in 0.00 ms.
Mono: successfully reloaded assembly
- Completed reload, in  0.681 seconds
Domain Reload Profiling:
	ReloadAssembly (682ms)
		BeginReloadAssembly (129ms)
			ExecutionOrderSort (0ms)
			DisableScriptedObjects (3ms)
			BackupInstance (0ms)
			ReleaseScriptingObjects (0ms)
			CreateAndSetChildDomain (15ms)
		EndReloadAssembly (516ms)
			LoadAssemblies (77ms)
			RebuildTransferFunctionScriptingTraits (0ms)
			SetupTypeCache (171ms)
			ReleaseScriptCaches (0ms)
			RebuildScriptCaches (28ms)
			SetupLoadedEditorAssemblies (206ms)
				LogAssemblyErrors (0ms)
				InitializePlatformSupportModulesInManaged (3ms)
				SetLoadedEditorAssemblies (0ms)
				RefreshPlugins (0ms)
				BeforeProcessingInitializeOnLoad (51ms)
				ProcessInitializeOnLoadAttributes (144ms)
				ProcessInitializeOnLoadMethodAttributes (6ms)
				AfterProcessingInitializeOnLoad (1ms)
				EditorAssembliesLoaded (0ms)
			ExecutionOrderSort2 (0ms)
			AwakeInstancesAfterBackupRestoration (4ms)
Platform modules already initialized, skipping
========================================================================
Worker process is ready to serve import requests
Launched and connected shader compiler UnityShaderCompiler.exe after 0.07 seconds
Refreshing native plugins compatible for Editor in 0.39 ms, found 2 plugins.
Preloading 0 native plugins for Editor in 0.00 ms.
Unloading 1667 Unused Serialized files (Serialized files now loaded: 0)
System memory in use before: 74.0 MB.
System memory in use after: 74.1 MB.

Unloading 20 unused Assets to reduce memory usage. Loaded Objects now: 2099.
Total: 1.816900 ms (FindLiveObjects: 0.088800 ms CreateObjectMapping: 0.036400 ms MarkObjects: 1.645100 ms  DeleteObjects: 0.045500 ms)

AssetImportParameters requested are different than current active one (requested -> active):
  custom:framework-win-MediaFoundation: 216162199b28c13a410421893ffa2e32 -> 
  custom:video-decoder-ogg-theora: a1e56fd34408186e4bbccfd4996cb3dc -> 
  custom:container-muxer-webm: aa71ff27fc2769a1b78a27578f13a17b -> 
  custom:container-demuxer-webm: 4f35f7cbe854078d1ac9338744f61a02 -> 
  custom:container-demuxer-ogg: 62fdf1f143b41e24485cea50d1cbac27 -> 
  custom:video-encoder-webm-vp8: eb34c28f22e8b96e1ab97ce403110664 -> 
  custom:video-decoder-webm-vp8: 9c59270c3fd7afecdb556c50c9e8de78 -> 
  custom:audio-decoder-ogg-vorbis: bf7c407c2cedff20999df2af8eb42d56 -> 
  custom:audio-encoder-webm-vorbis: bf7c407c2cedff20999df2af8eb42d56 -> 
========================================================================
Received Import Request.
  path: Assets/Polyart/PolyartStudio
  artifactKey: Guid(8d901480c4995de45be6c3b8e5a3a396) Importer(815301076,1909f56bfc062723c751e8b465ee728b)
Start importing Assets/Polyart/PolyartStudio using Guid(8d901480c4995de45be6c3b8e5a3a396) Importer(815301076,1909f56bfc062723c751e8b465ee728b)  -> (artifact id: '7809ce20e98f3f76a385f0e03ab2eb1d') in 0.003711 seconds 
  Import took 0.005352 seconds .

========================================================================
Received Import Request.
  Time since last request: 0.000368 seconds.
  path: Assets/Polyart/PolyartStudio/DreamscapeMountains
  artifactKey: Guid(64dd3fbe3b357a145b26d45395deb865) Importer(815301076,1909f56bfc062723c751e8b465ee728b)
Start importing Assets/Polyart/PolyartStudio/DreamscapeMountains using Guid(64dd3fbe3b357a145b26d45395deb865) Importer(815301076,1909f56bfc062723c751e8b465ee728b)  -> (artifact id: 'c741f1d8b982d51f3ad349e5752528d9') in 0.002408 seconds 
  Import took 0.004134 seconds .

========================================================================
Received Import Request.
  Time since last request: 0.000270 seconds.
  path: Assets/Polyart
  artifactKey: Guid(47cbe66207e21aa4baa489aad1898db5) Importer(815301076,1909f56bfc062723c751e8b465ee728b)
Start importing Assets/Polyart using Guid(47cbe66207e21aa4baa489aad1898db5) Importer(815301076,1909f56bfc062723c751e8b465ee728b)  -> (artifact id: '92989ea51486627a0a36a7e1d571d360') in 0.010644 seconds 
  Import took 0.012557 seconds .

========================================================================
Received Import Request.
  Time since last request: 0.469387 seconds.
  path: Assets/Polyart/PolyartStudio/DreamscapeMountains/Scenes
  artifactKey: Guid(5a33689010b2b2d4480123e8e4f7c63f) Importer(815301076,1909f56bfc062723c751e8b465ee728b)
Start importing Assets/Polyart/PolyartStudio/DreamscapeMountains/Scenes using Guid(5a33689010b2b2d4480123e8e4f7c63f) Importer(815301076,1909f56bfc062723c751e8b465ee728b)  -> (artifact id: 'a07c70d7237c4ecf7f0e463949ddb2df') in 0.001899 seconds 
  Import took 0.003704 seconds .

========================================================================
Received Import Request.
  Time since last request: 1.008558 seconds.
  path: Assets/Polyart/PolyartStudio/DreamscapeMountains/Scenes/DemoScene
  artifactKey: Guid(5d7cea3a09bcc774fb374bf3856663cf) Importer(815301076,1909f56bfc062723c751e8b465ee728b)
Start importing Assets/Polyart/PolyartStudio/DreamscapeMountains/Scenes/DemoScene using Guid(5d7cea3a09bcc774fb374bf3856663cf) Importer(815301076,1909f56bfc062723c751e8b465ee728b)  -> (artifact id: 'abd1d96f5eef09ce4f37b0b9f92cc20c') in 0.001829 seconds 
  Import took 0.003556 seconds .

========================================================================
Received Import Request.
  Time since last request: 207.839701 seconds.
  path: Assets/Polyart/PolyartStudio/DreamscapeMountains
  artifactKey: Guid(c912fb2b1f374554fa1fe72977ed364c) Importer(815301076,1909f56bfc062723c751e8b465ee728b)
Start importing Assets/Polyart/PolyartStudio/DreamscapeMountains using Guid(c912fb2b1f374554fa1fe72977ed364c) Importer(815301076,1909f56bfc062723c751e8b465ee728b)  -> (artifact id: '3d6c21a727d29e6c4e5dead0e84de2f8') in 0.001847 seconds 
  Import took 0.004465 seconds .

========================================================================
Received Import Request.
  Time since last request: 2.621072 seconds.
  path: Assets/Polyart/PolyartStudio/DreamscapeMountains/Effects
  artifactKey: Guid(4db4e99b7a8e95e4eafda6bd93370136) Importer(815301076,1909f56bfc062723c751e8b465ee728b)
Start importing Assets/Polyart/PolyartStudio/DreamscapeMountains/Effects using Guid(4db4e99b7a8e95e4eafda6bd93370136) Importer(815301076,1909f56bfc062723c751e8b465ee728b)  -> (artifact id: '65704a318da7b8b8fae84dc93ac9d7af') in 0.001892 seconds 
  Import took 0.003815 seconds .

========================================================================
Received Import Request.
  Time since last request: 0.048165 seconds.
  path: Assets/Polyart/PolyartStudio/DreamscapeMountains/Effects/Dust_Particle.prefab
  artifactKey: Guid(b8f403b4517ddd844988838750e9a72a) Importer(815301076,1909f56bfc062723c751e8b465ee728b)
Start importing Assets/Polyart/PolyartStudio/DreamscapeMountains/Effects/Dust_Particle.prefab using Guid(b8f403b4517ddd844988838750e9a72a) Importer(815301076,1909f56bfc062723c751e8b465ee728b)  -> (artifact id: '681f6155559d44beadd9be26f66140e6') in 0.074665 seconds 
  Import took 0.076455 seconds .

========================================================================
Received Import Request.
  Time since last request: 0.000361 seconds.
  path: Assets/Polyart/PolyartStudio/DreamscapeMountains/Effects/Leaf_Particle_Wind.prefab
  artifactKey: Guid(29bbd1fbe87d69741932f701bef897d5) Importer(815301076,1909f56bfc062723c751e8b465ee728b)
Start importing Assets/Polyart/PolyartStudio/DreamscapeMountains/Effects/Leaf_Particle_Wind.prefab using Guid(29bbd1fbe87d69741932f701bef897d5) Importer(815301076,1909f56bfc062723c751e8b465ee728b)  -> (artifact id: 'e464d4c2acc5d3058cca3e17c1e5c8d1') in 0.007807 seconds 
  Import took 0.010063 seconds .

========================================================================
Received Import Request.
  Time since last request: 0.000299 seconds.
  path: Assets/Polyart/PolyartStudio/DreamscapeMountains/Effects/Dust_Particle_Wind.prefab
  artifactKey: Guid(7ec83192b9af4e640a741599fdd84c0e) Importer(815301076,1909f56bfc062723c751e8b465ee728b)
Start importing Assets/Polyart/PolyartStudio/DreamscapeMountains/Effects/Dust_Particle_Wind.prefab using Guid(7ec83192b9af4e640a741599fdd84c0e) Importer(815301076,1909f56bfc062723c751e8b465ee728b)  -> (artifact id: '8ecaab41bf6314a9484b401e3f9f9406') in 0.033143 seconds 
  Import took 0.035440 seconds .

========================================================================
Received Import Request.
  Time since last request: 0.000274 seconds.
  path: Assets/Polyart/PolyartStudio/DreamscapeMountains/Effects/Leaf_Particle_WindRed.prefab
  artifactKey: Guid(33bdb3ae0d3e89f49859422c9b648c04) Importer(815301076,1909f56bfc062723c751e8b465ee728b)
Start importing Assets/Polyart/PolyartStudio/DreamscapeMountains/Effects/Leaf_Particle_WindRed.prefab using Guid(33bdb3ae0d3e89f49859422c9b648c04) Importer(815301076,1909f56bfc062723c751e8b465ee728b)  -> (artifact id: '224badfa066150ae49c4b93ea4273f20') in 0.005705 seconds 
  Import took 0.007312 seconds .

========================================================================
Received Import Request.
  Time since last request: 0.000360 seconds.
  path: Assets/Polyart/PolyartStudio/DreamscapeMountains/Effects/Dust_Particle_Red.prefab
  artifactKey: Guid(fbda289622c18cd42911d1a601d5bc87) Importer(815301076,1909f56bfc062723c751e8b465ee728b)
Start importing Assets/Polyart/PolyartStudio/DreamscapeMountains/Effects/Dust_Particle_Red.prefab using Guid(fbda289622c18cd42911d1a601d5bc87) Importer(815301076,1909f56bfc062723c751e8b465ee728b)  -> (artifact id: 'f4238d21b1cbeff252ba9d9639cba092') in 0.006236 seconds 
  Import took 0.008204 seconds .

========================================================================
Received Import Request.
  Time since last request: 0.000273 seconds.
  path: Assets/Polyart/PolyartStudio/DreamscapeMountains/Effects/Stylized_Fog.prefab
  artifactKey: Guid(6d745d943e5ddb34bb11b6b2f4a69cf8) Importer(815301076,1909f56bfc062723c751e8b465ee728b)
Start importing Assets/Polyart/PolyartStudio/DreamscapeMountains/Effects/Stylized_Fog.prefab using Guid(6d745d943e5ddb34bb11b6b2f4a69cf8) Importer(815301076,1909f56bfc062723c751e8b465ee728b)  -> (artifact id: '4bb666bff0c3e043087e644cd9d14829') in 0.006668 seconds 
  Import took 0.008576 seconds .

========================================================================
Received Import Request.
  Time since last request: 0.000269 seconds.
  path: Assets/Polyart/PolyartStudio/DreamscapeMountains/Effects/Leaf_Particle.prefab
  artifactKey: Guid(44e6dd02cd89182468e0be88fa68e766) Importer(815301076,1909f56bfc062723c751e8b465ee728b)
Start importing Assets/Polyart/PolyartStudio/DreamscapeMountains/Effects/Leaf_Particle.prefab using Guid(44e6dd02cd89182468e0be88fa68e766) Importer(815301076,1909f56bfc062723c751e8b465ee728b)  -> (artifact id: 'cd87b7f2cbf10b5a414fe38e6adf6ce2') in 0.009864 seconds 
  Import took 0.011940 seconds .

========================================================================
Received Import Request.
  Time since last request: 0.000226 seconds.
  path: Assets/Polyart/PolyartStudio/DreamscapeMountains/Effects/SM_FogCard.prefab
  artifactKey: Guid(011f171ff79d8e84a8c045c594f72c9e) Importer(815301076,1909f56bfc062723c751e8b465ee728b)
Start importing Assets/Polyart/PolyartStudio/DreamscapeMountains/Effects/SM_FogCard.prefab using Guid(011f171ff79d8e84a8c045c594f72c9e) Importer(815301076,1909f56bfc062723c751e8b465ee728b)  -> (artifact id: '68c365c64e231dc9c88f338d189b984e') in 0.003596 seconds 
  Import took 0.005420 seconds .

========================================================================
Received Import Request.
  Time since last request: 0.000264 seconds.
  path: Assets/Polyart/PolyartStudio/DreamscapeMountains/Effects/SunShaft.prefab
  artifactKey: Guid(107776f1ba7eac34e919e34cfdaf8083) Importer(815301076,1909f56bfc062723c751e8b465ee728b)
Start importing Assets/Polyart/PolyartStudio/DreamscapeMountains/Effects/SunShaft.prefab using Guid(107776f1ba7eac34e919e34cfdaf8083) Importer(815301076,1909f56bfc062723c751e8b465ee728b)  -> (artifact id: '6fff549f4eecd935dc11a12fd9025b17') in 0.008166 seconds 
  Import took 0.010091 seconds .

========================================================================
Received Import Request.
  Time since last request: 0.000266 seconds.
  path: Assets/Polyart/PolyartStudio/DreamscapeMountains/Effects/Dust_Particle_Green.prefab
  artifactKey: Guid(6a38ca343f9f510428e3a25ae475adf2) Importer(815301076,1909f56bfc062723c751e8b465ee728b)
Start importing Assets/Polyart/PolyartStudio/DreamscapeMountains/Effects/Dust_Particle_Green.prefab using Guid(6a38ca343f9f510428e3a25ae475adf2) Importer(815301076,1909f56bfc062723c751e8b465ee728b)  -> (artifact id: '4b9dab9dceb19ca546665a8fe7b1907f') in 0.006331 seconds 
  Import took 0.008146 seconds .

AssetImportWorkerClient::OnTransportError - code=2 error=End of file
